<?xml version="1.0" encoding="UTF-8"?>
<testsuite name="com.santanna.couponapi.domain.CouponTest" tests="8" skipped="0" failures="0" errors="0" timestamp="2026-04-04T04:14:37.996Z" hostname="kronos" time="0.018">
  <properties/>
  <testcase name="shouldNotDeleteCouponTwice()" classname="com.santanna.couponapi.domain.CouponTest" time="0.007"/>
  <testcase name="shouldSanitizeCodeByRemovingSpecialCharacters()" classname="com.santanna.couponapi.domain.CouponTest" time="0.0"/>
  <testcase name="shouldRejectPastExpirationDate()" classname="com.santanna.couponapi.domain.CouponTest" time="0.001"/>
  <testcase name="shouldRejectCodeWhenSanitizedLengthIsDifferentFromSix()" classname="com.santanna.couponapi.domain.CouponTest" time="0.001"/>
  <testcase name="shouldSoftDeleteCoupon()" classname="com.santanna.couponapi.domain.CouponTest" time="0.002"/>
  <testcase name="shouldRejectDiscountValueBelowMinimum()" classname="com.santanna.couponapi.domain.CouponTest" time="0.001"/>
  <testcase name="shouldCreateValidCoupon()" classname="com.santanna.couponapi.domain.CouponTest" time="0.001"/>
  <testcase name="shouldAcceptSanitizedCodeWithExactlySixCharacters()" classname="com.santanna.couponapi.domain.CouponTest" time="0.001"/>
  <system-out><![CDATA[]]></system-out>
  <system-err><![CDATA[]]></system-err>
</testsuite>
