<?xml version="1.0" encoding="UTF-8"?>
<testsuite name="com.example.couponapi.domain.CouponTest" tests="8" skipped="0" failures="0" errors="0" timestamp="2026-04-04T02:45:00.743Z" hostname="kronos" time="0.02">
  <properties/>
  <testcase name="shouldNotDeleteCouponTwice()" classname="com.example.couponapi.domain.CouponTest" time="0.008"/>
  <testcase name="shouldSanitizeCodeByRemovingSpecialCharacters()" classname="com.example.couponapi.domain.CouponTest" time="0.0"/>
  <testcase name="shouldRejectPastExpirationDate()" classname="com.example.couponapi.domain.CouponTest" time="0.001"/>
  <testcase name="shouldRejectCodeWhenSanitizedLengthIsDifferentFromSix()" classname="com.example.couponapi.domain.CouponTest" time="0.001"/>
  <testcase name="shouldSoftDeleteCoupon()" classname="com.example.couponapi.domain.CouponTest" time="0.002"/>
  <testcase name="shouldRejectDiscountValueBelowMinimum()" classname="com.example.couponapi.domain.CouponTest" time="0.001"/>
  <testcase name="shouldCreateValidCoupon()" classname="com.example.couponapi.domain.CouponTest" time="0.001"/>
  <testcase name="shouldAcceptSanitizedCodeWithExactlySixCharacters()" classname="com.example.couponapi.domain.CouponTest" time="0.001"/>
  <system-out><![CDATA[]]></system-out>
  <system-err><![CDATA[]]></system-err>
</testsuite>
