<?xml version="1.0" encoding="UTF-8"?>
<testsuite name="com.example.couponapi.service.CouponServiceTest" tests="5" skipped="0" failures="0" errors="0" timestamp="2026-04-04T02:45:00.773Z" hostname="kronos" time="0.772">
  <properties/>
  <testcase name="shouldDeleteCouponWhenItExists()" classname="com.example.couponapi.service.CouponServiceTest" time="0.737"/>
  <testcase name="shouldFailToDeleteAlreadyDeletedCoupon()" classname="com.example.couponapi.service.CouponServiceTest" time="0.009"/>
  <testcase name="shouldFailToDeleteWhenCouponDoesNotExist()" classname="com.example.couponapi.service.CouponServiceTest" time="0.006"/>
  <testcase name="shouldSaveCouponWhenRequestIsValid()" classname="com.example.couponapi.service.CouponServiceTest" time="0.009"/>
  <testcase name="shouldFailWhenCouponCodeAlreadyExists()" classname="com.example.couponapi.service.CouponServiceTest" time="0.006"/>
  <system-out><![CDATA[]]></system-out>
  <system-err><![CDATA[]]></system-err>
</testsuite>
