<?xml version="1.0" encoding="UTF-8"?>
<testsuite name="com.example.couponapi.controller.CouponControllerIntegrationTest" tests="6" skipped="0" failures="0" errors="0" timestamp="2026-04-04T02:44:59.422Z" hostname="kronos" time="1.316">
  <properties/>
  <testcase name="shouldReturnNotFoundWhenDeletingUnknownCoupon()" classname="com.example.couponapi.controller.CouponControllerIntegrationTest" time="0.947"/>
  <testcase name="shouldNotDeleteCouponTwice()" classname="com.example.couponapi.controller.CouponControllerIntegrationTest" time="0.269"/>
  <testcase name="shouldReturnBadRequestWhenRequestBodyIsInvalid()" classname="com.example.couponapi.controller.CouponControllerIntegrationTest" time="0.039"/>
  <testcase name="shouldSoftDeleteCoupon()" classname="com.example.couponapi.controller.CouponControllerIntegrationTest" time="0.022"/>
  <testcase name="shouldReturnUnprocessableEntityWhenExpirationDateIsInThePast()" classname="com.example.couponapi.controller.CouponControllerIntegrationTest" time="0.014"/>
  <testcase name="shouldCreateCouponAndReturnSanitizedCode()" classname="com.example.couponapi.controller.CouponControllerIntegrationTest" time="0.018"/>
  <system-out><![CDATA[23:44:49.271 [Test worker] INFO org.springframework.test.context.support.AnnotationConfigContextLoaderUtils -- Could not detect default configuration classes for test class [com.example.couponapi.controller.CouponControllerIntegrationTest]: CouponControllerIntegrationTest does not declare any static, non-private, non-final, nested classes annotated with @Configuration.
23:44:49.608 [Test worker] INFO org.springframework.boot.test.context.SpringBootTestContextBootstrapper -- Found @SpringBootConfiguration com.example.couponapi.CouponApiApplication for test class com.example.couponapi.controller.CouponControllerIntegrationTest

  .   ____          _            __ _ _
 /\\ / ___'_ __ _ _(_)_ __  __ _ \ \ \ \
( ( )\___ | '_ | '_| | '_ \/ _` | \ \ \ \
 \\/  ___)| |_)| | | | | || (_| |  ) ) ) )
  '  |____| .__|_| |_|_| |_\__, | / / / /
 =========|_|==============|___/=/_/_/_/

 :: Spring Boot ::               (v3.5.13)

2026-04-03T23:44:50.830-03:00  INFO 938037 --- [    Test worker] c.e.c.c.CouponControllerIntegrationTest  : Starting CouponControllerIntegrationTest using Java 17.0.18 with PID 938037 (started by kronos in /home/kronos/Imagens/coupon-api)
2026-04-03T23:44:50.832-03:00  INFO 938037 --- [    Test worker] c.e.c.c.CouponControllerIntegrationTest  : No active profile set, falling back to 1 default profile: "default"
2026-04-03T23:44:52.673-03:00  INFO 938037 --- [    Test worker] .s.d.r.c.RepositoryConfigurationDelegate : Bootstrapping Spring Data JPA repositories in DEFAULT mode.
2026-04-03T23:44:52.772-03:00  INFO 938037 --- [    Test worker] .s.d.r.c.RepositoryConfigurationDelegate : Finished Spring Data repository scanning in 81 ms. Found 1 JPA repository interface.
2026-04-03T23:44:53.639-03:00  INFO 938037 --- [    Test worker] o.hibernate.jpa.internal.util.LogHelper  : HHH000204: Processing PersistenceUnitInfo [name: default]
2026-04-03T23:44:53.765-03:00  INFO 938037 --- [    Test worker] org.hibernate.Version                    : HHH000412: Hibernate ORM core version 6.6.45.Final
2026-04-03T23:44:53.856-03:00  INFO 938037 --- [    Test worker] o.h.c.internal.RegionFactoryInitiator    : HHH000026: Second-level cache disabled
2026-04-03T23:44:54.597-03:00  INFO 938037 --- [    Test worker] o.s.o.j.p.SpringPersistenceUnitInfo      : No LoadTimeWeaver setup: ignoring JPA class transformer
2026-04-03T23:44:54.664-03:00  INFO 938037 --- [    Test worker] com.zaxxer.hikari.HikariDataSource       : HikariPool-1 - Starting...
2026-04-03T23:44:55.263-03:00  INFO 938037 --- [    Test worker] com.zaxxer.hikari.pool.HikariPool        : HikariPool-1 - Added connection conn0: url=jdbc:h2:mem:coupondb user=SA
2026-04-03T23:44:55.271-03:00  INFO 938037 --- [    Test worker] com.zaxxer.hikari.HikariDataSource       : HikariPool-1 - Start completed.
2026-04-03T23:44:55.494-03:00  INFO 938037 --- [    Test worker] org.hibernate.orm.connections.pooling    : HHH10001005: Database info:
	Database JDBC URL [Connecting through datasource 'HikariDataSource (HikariPool-1)']
	Database driver: undefined/unknown
	Database version: 2.3.232
	Autocommit mode: undefined/unknown
	Isolation level: undefined/unknown
	Minimum pool size: undefined/unknown
	Maximum pool size: undefined/unknown
2026-04-03T23:44:57.431-03:00  INFO 938037 --- [    Test worker] o.h.e.t.j.p.i.JtaPlatformInitiator       : HHH000489: No JTA platform available (set 'hibernate.transaction.jta.platform' to enable JTA platform integration)
2026-04-03T23:44:57.586-03:00  INFO 938037 --- [    Test worker] j.LocalContainerEntityManagerFactoryBean : Initialized JPA EntityManagerFactory for persistence unit 'default'
2026-04-03T23:44:59.217-03:00  INFO 938037 --- [    Test worker] o.s.b.a.h2.H2ConsoleAutoConfiguration    : H2 console available at '/h2-console'. Database available at 'jdbc:h2:mem:coupondb'
2026-04-03T23:44:59.332-03:00  INFO 938037 --- [    Test worker] o.s.b.t.m.w.SpringBootMockServletContext : Initializing Spring TestDispatcherServlet ''
2026-04-03T23:44:59.333-03:00  INFO 938037 --- [    Test worker] o.s.t.web.servlet.TestDispatcherServlet  : Initializing Servlet ''
2026-04-03T23:44:59.337-03:00  INFO 938037 --- [    Test worker] o.s.t.web.servlet.TestDispatcherServlet  : Completed initialization in 2 ms
2026-04-03T23:44:59.397-03:00  INFO 938037 --- [    Test worker] c.e.c.c.CouponControllerIntegrationTest  : Started CouponControllerIntegrationTest in 9.425 seconds (process running for 12.244)
2026-04-03T23:44:59.404-03:00  WARN 938037 --- [    Test worker] o.s.core.events.SpringDocAppInitializer  : SpringDoc /v3/api-docs endpoint is enabled by default. To disable it in production, set the property 'springdoc.api-docs.enabled=false'
2026-04-03T23:44:59.404-03:00  WARN 938037 --- [    Test worker] o.s.core.events.SpringDocAppInitializer  : SpringDoc /swagger-ui.html endpoint is enabled by default. To disable it in production, set the property 'springdoc.swagger-ui.enabled=false'
]]></system-out>
  <system-err><![CDATA[]]></system-err>
</testsuite>
