<?xml version="1.0" encoding="UTF-8"?>
<testsuite name="com.santanna.couponapi.service.CouponServiceTest" tests="5" skipped="0" failures="0" errors="0" timestamp="2026-04-04T04:14:38.023Z" hostname="kronos" time="0.81">
  <properties/>
  <testcase name="shouldDeleteCouponWhenItExists()" classname="com.santanna.couponapi.service.CouponServiceTest" time="0.768"/>
  <testcase name="shouldFailToDeleteAlreadyDeletedCoupon()" classname="com.santanna.couponapi.service.CouponServiceTest" time="0.012"/>
  <testcase name="shouldFailToDeleteWhenCouponDoesNotExist()" classname="com.santanna.couponapi.service.CouponServiceTest" time="0.007"/>
  <testcase name="shouldSaveCouponWhenRequestIsValid()" classname="com.santanna.couponapi.service.CouponServiceTest" time="0.008"/>
  <testcase name="shouldFailWhenCouponCodeAlreadyExists()" classname="com.santanna.couponapi.service.CouponServiceTest" time="0.006"/>
  <system-out><![CDATA[]]></system-out>
  <system-err><![CDATA[]]></system-err>
</testsuite>
